<?xml version="1.0" encoding="UTF-8"?>
<!-- Generated by org.testng.reporters.JUnitReportReporter -->
<testsuite skipped="0" hostname="LAPTOP-48AO7M1P" name="com.nopcommerce.qa.tests.RegisterTest" tests="4" failures="0" timestamp="2023-07-28T18:26:46 IST" time="47.971" errors="0">
  <testcase name="registerwithAllFields" time="12.159" classname="com.nopcommerce.qa.tests.RegisterTest"/>
  <system-out/>
  <testcase name="registerWithMantoryFields" time="15.634" classname="com.nopcommerce.qa.tests.RegisterTest"/>
  <system-out/>
  <testcase name="registerWithoutAnyDetails" time="8.477" classname="com.nopcommerce.qa.tests.RegisterTest"/>
  <system-out/>
  <testcase name="registerWithDuplicateMailId" time="11.701" classname="com.nopcommerce.qa.tests.RegisterTest"/>
  <system-out/>
</testsuite> <!-- com.nopcommerce.qa.tests.RegisterTest -->
