<?xml version="1.0" encoding="UTF-8"?>
<!-- Generated by org.testng.reporters.JUnitReportReporter -->
<testsuite skipped="0" hostname="LAPTOP-48AO7M1P" name="com.nopcommerce.qa.tests.LoginTest" tests="5" failures="0" timestamp="2023-07-28T18:26:46 IST" time="40.888" errors="0">
  <testcase name="loginWithValidCredentials" time="9.040" classname="com.nopcommerce.qa.tests.LoginTest"/>
  <system-out/>
  <testcase name="loginWithInvalidCredentials" time="7.715" classname="com.nopcommerce.qa.tests.LoginTest"/>
  <system-out/>
  <testcase name="loginWithoutEnterEmailTextAndPassword" time="7.554" classname="com.nopcommerce.qa.tests.LoginTest"/>
  <system-out/>
  <testcase name="loginWithValidEmailAndInvalidPassword" time="7.852" classname="com.nopcommerce.qa.tests.LoginTest"/>
  <system-out/>
  <testcase name="loginWithInvalidEmailAndValidPassword" time="8.727" classname="com.nopcommerce.qa.tests.LoginTest"/>
  <system-out/>
</testsuite> <!-- com.nopcommerce.qa.tests.LoginTest -->
