<?xml version="1.0" encoding="UTF-8"?>
<!-- Generated by org.testng.reporters.JUnitReportReporter -->
<testsuite skipped="0" hostname="LAPTOP-48AO7M1P" name="com.nopcommerce.qa.tests.Sample" tests="1" failures="0" timestamp="2023-08-11T15:52:27 IST" time="0.026" errors="0">
  <testcase name="getData" time="0.026" classname="com.nopcommerce.qa.tests.Sample"/>
  <system-out/>
</testsuite> <!-- com.nopcommerce.qa.tests.Sample -->
