<?xml version="1.0" encoding="UTF-8"?>
<!-- Generated by org.testng.reporters.JUnitReportReporter -->
<testsuite skipped="0" hostname="LAPTOP-48AO7M1P" name="com.nopcommerce.qa.utilities.Utilities" tests="1" failures="0" timestamp="2023-07-26T22:09:21 IST" time="0.062" errors="0">
  <testcase name="generateMaildByGetStamp" time="0.062" classname="com.nopcommerce.qa.utilities.Utilities"/>
  <system-out/>
</testsuite> <!-- com.nopcommerce.qa.utilities.Utilities -->
