<?xml version="1.0" encoding="UTF-8"?>
<!-- Generated by org.testng.reporters.JUnitReportReporter -->
<testsuite skipped="0" hostname="LAPTOP-48AO7M1P" name="com.nopcommerce.qa.tests.SearchTest" tests="6" failures="0" timestamp="2023-07-28T18:26:46 IST" time="46.878" errors="0">
  <testcase name="search_a_Product_Without_Login" time="7.011" classname="com.nopcommerce.qa.tests.SearchTest"/>
  <system-out/>
  <testcase name="search_an_invalid_product_without_login" time="7.090" classname="com.nopcommerce.qa.tests.SearchTest"/>
  <system-out/>
  <testcase name="search_an_empty_text_field_without_login" time="5.383" classname="com.nopcommerce.qa.tests.SearchTest"/>
  <system-out/>
  <testcase name="search_a_Product_With_Login" time="9.338" classname="com.nopcommerce.qa.tests.SearchTest"/>
  <system-out/>
  <testcase name="search_an_invalid_product_with_login" time="9.739" classname="com.nopcommerce.qa.tests.SearchTest"/>
  <system-out/>
  <testcase name="search_an_empty_text_field_with_login" time="8.317" classname="com.nopcommerce.qa.tests.SearchTest"/>
  <system-out/>
</testsuite> <!-- com.nopcommerce.qa.tests.SearchTest -->
